#
# A fatal error has been detected by the Java Runtime Environment:
#
#  EXCEPTION_ACCESS_VIOLATION (0xc0000005) at pc=0x00007ffeed3c02ae, pid=12896, tid=3364
#
# JRE version: OpenJDK Runtime Environment (15.0.2+7) (build 15.0.2+7-27)
# Java VM: OpenJDK 64-Bit Server VM (15.0.2+7-27, mixed mode, sharing, tiered, compressed oops, g1 gc, windows-amd64)
# Problematic frame:
# C  [awt.dll+0x902ae]
#
# No core dump will be written. Minidumps are not enabled by default on client versions of Windows
#
# If you would like to submit a bug report, please visit:
#   https://bugreport.java.com/bugreport/crash.jsp
# The crash happened outside the Java Virtual Machine in native code.
# See problematic frame for where to report the bug.
#

---------------  S U M M A R Y ------------

Command Line: -javaagent:C:\Users\nqftd\AppData\Local\JetBrains\IdeaIC2020.3\testAgent\intellij-coverage-agent-1.0.573.jar=C:\Users\nqftd\AppData\Local\Temp\coverageargs -javaagent:C:\Program Files\JetBrains\IntelliJ IDEA Community Edition 2020.3.2\lib\idea_rt.jar=54791:C:\Program Files\JetBrains\IntelliJ IDEA Community Edition 2020.3.2\bin -Dfile.encoding=UTF-8 MainKt

Host: Intel(R) Core(TM) i7-8750H CPU @ 2.20GHz, 12 cores, 7G,  Windows 10 , 64 bit Build 19041 (10.0.19041.662)
Time: Mon Feb 15 01:02:47 2021 ìåãû (ïWèÄéû) elapsed time: 1.796336 seconds (0d 0h 0m 1s)

---------------  T H R E A D  ---------------

Current thread (0x0000026c09655720):  JavaThread "AWT-EventQueue-0" [_thread_in_native, id=3364, stack(0x000000ec49800000,0x000000ec49900000)]

Stack: [0x000000ec49800000,0x000000ec49900000],  sp=0x000000ec498fe2b0,  free space=1016k
Native frames: (J=compiled Java code, j=interpreted, Vv=VM code, C=native code)
C  [awt.dll+0x902ae]

Java frames: (J=compiled Java code, j=interpreted, Vv=VM code)
j  sun.awt.windows.WComponentPeer._setFont(Ljava/awt/Font;)V+0 java.desktop@15.0.2
j  sun.awt.windows.WComponentPeer.setFont(Ljava/awt/Font;)V+7 java.desktop@15.0.2
j  sun.awt.windows.WWindowPeer.initialize()V+42 java.desktop@15.0.2
j  sun.awt.windows.WFramePeer.initialize()V+1 java.desktop@15.0.2
j  sun.awt.windows.WComponentPeer.<init>(Ljava/awt/Component;)V+83 java.desktop@15.0.2
j  sun.awt.windows.WCanvasPeer.<init>(Ljava/awt/Component;)V+2 java.desktop@15.0.2
j  sun.awt.windows.WPanelPeer.<init>(Ljava/awt/Component;)V+2 java.desktop@15.0.2
j  sun.awt.windows.WWindowPeer.<init>(Ljava/awt/Window;)V+2 java.desktop@15.0.2
j  sun.awt.windows.WFramePeer.<init>(Ljava/awt/Frame;)V+2 java.desktop@15.0.2
j  sun.awt.windows.WToolkit.createFrame(Ljava/awt/Frame;)Ljava/awt/peer/FramePeer;+5 java.desktop@15.0.2
j  java.awt.Frame.addNotify()V+20 java.desktop@15.0.2
j  java.awt.Window.show()V+8 java.desktop@15.0.2
j  java.awt.Component.show(Z)V+5 java.desktop@15.0.2
j  java.awt.Component.setVisible(Z)V+2 java.desktop@15.0.2
j  java.awt.Window.setVisible(Z)V+2 java.desktop@15.0.2
j  androidx.compose.desktop.ComposeWindow.setVisible(Z)V+30
j  androidx.compose.desktop.AppWindow.show(Lkotlin/jvm/functions/Function2;)V+104
j  androidx.compose.desktop.AppWindowKt$Window$1.run()V+154
j  java.awt.event.InvocationEvent.dispatch()V+47 java.desktop@15.0.2
j  java.awt.EventQueue.dispatchEventImpl(Ljava/awt/AWTEvent;Ljava/lang/Object;)V+21 java.desktop@15.0.2
j  java.awt.EventQueue$4.run()Ljava/lang/Void;+32 java.desktop@15.0.2
j  java.awt.EventQueue$4.run()Ljava/lang/Object;+1 java.desktop@15.0.2
j  java.security.AccessController.executePrivileged(Ljava/security/PrivilegedAction;Ljava/security/AccessControlContext;Ljava/lang/Class;)Ljava/lang/Object;+29 java.base@15.0.2
j  java.security.AccessController.doPrivileged(Ljava/security/PrivilegedAction;Ljava/security/AccessControlContext;)Ljava/lang/Object;+13 java.base@15.0.2
j  java.security.ProtectionDomain$JavaSecurityAccessImpl.doIntersectionPrivilege(Ljava/security/PrivilegedAction;Ljava/security/AccessControlContext;Ljava/security/AccessControlContext;)Ljava/lang/Object;+18 java.base@15.0.2
j  java.awt.EventQueue.dispatchEvent(Ljava/awt/AWTEvent;)V+46 java.desktop@15.0.2
j  java.awt.EventDispatchThread.pumpOneEventForFilters(I)V+78 java.desktop@15.0.2
j  java.awt.EventDispatchThread.pumpEventsForFilter(ILjava/awt/Conditional;Ljava/awt/EventFilter;)V+35 java.desktop@15.0.2
j  java.awt.EventDispatchThread.pumpEventsForHierarchy(ILjava/awt/Conditional;Ljava/awt/Component;)V+11 java.desktop@15.0.2
j  java.awt.EventDispatchThread.pumpEvents(ILjava/awt/Conditional;)V+4 java.desktop@15.0.2
j  java.awt.EventDispatchThread.pumpEvents(Ljava/awt/Conditional;)V+3 java.desktop@15.0.2
j  java.awt.EventDispatchThread.run()V+9 java.desktop@15.0.2
v  ~StubRoutines::call_stub

siginfo: EXCEPTION_ACCESS_VIOLATION (0xc0000005), reading address 0x0000000000000058


Register to memory mapping:

RIP=0x00007ffeed3c02ae awt.dll
RAX=0x00007ffeed4317f0 awt.dll
RBX=0x0000026c09655a48 points into unknown readable memory: 0x00007ffece89de40 | 40 de 89 ce fe 7f 00 00
RCX=0x0000026c09e5afb0 points into unknown readable memory: 0x00007ffeed4317f0 | f0 17 43 ed fe 7f 00 00
RDX=0x0 is NULL
RSP=0x000000ec498fe2b0 is pointing into the stack for thread: 0x0000026c09655720
RBP=0x0 is NULL
RSI=0x0000026c0bf0c170 is a global jni handle
RDI=0x0000026c0bf0c178 is a global jni handle
R8 =0x0000000000000042 is an unknown value
R9 =0x0000000800b97aa8 is a pointer to class: 
java.awt.Font {0x0000000800b97ab0}
R10=0x0000000000008000 is an unknown value
R11=0x000000ec498fe2b0 is pointing into the stack for thread: 0x0000026c09655720
R12=0x0 is NULL
R13={method} {0x0000026c08777aa0} '_setFont' '(Ljava/awt/Font;)V' in 'sun/awt/windows/WComponentPeer'
R14=0x0000026c09e5afb0 points into unknown readable memory: 0x00007ffeed4317f0 | f0 17 43 ed fe 7f 00 00
R15=0x0000026c09e0ef50 points into unknown readable memory: 0x0000026c0bf0c170 | 70 c1 f0 0b 6c 02 00 00


Registers:
RAX=0x00007ffeed4317f0, RBX=0x0000026c09655a48, RCX=0x0000026c09e5afb0, RDX=0x0000000000000000
RSP=0x000000ec498fe2b0, RBP=0x0000000000000000, RSI=0x0000026c0bf0c170, RDI=0x0000026c0bf0c178
R8 =0x0000000000000042, R9 =0x0000000800b97aa8, R10=0x0000000000008000, R11=0x000000ec498fe2b0
R12=0x0000000000000000, R13=0x0000026c08777a98, R14=0x0000026c09e5afb0, R15=0x0000026c09e0ef50
RIP=0x00007ffeed3c02ae, EFLAGS=0x0000000000010202

Top of Stack: (sp=0x000000ec498fe2b0)
0x000000ec498fe2b0:   0000026c09e0ef50 0000026c09e5afb0
0x000000ec498fe2c0:   0000026c09e5afb0 0000026c0bf0c178
0x000000ec498fe2d0:   0000026c0bf0c178 00007ffeed3c5175
0x000000ec498fe2e0:   0000026c09655a48 0000026c09655a48
0x000000ec498fe2f0:   0000000000000000 0000026c0bf0c170
0x000000ec498fe300:   0000026c09655720 000000ec498fe430
0x000000ec498fe310:   0000026c09e0ef50 00007ffeed3fd191
0x000000ec498fe320:   00007ffeed468ff8 000000ec498fe408
0x000000ec498fe330:   00007ffeed3c5048 0000026c09655720
0x000000ec498fe340:   0000026c0bf0c170 00007ffeed3c630e
0x000000ec498fe350:   0000026c0bf0c178 000000ec498fe428
0x000000ec498fe360:   000000ec498fe428 00007ffeed468ff8
0x000000ec498fe370:   0000000000005b01 0000026c70fbfd2c
0x000000ec498fe380:   0000026c08777a98 0000000000000168
0x000000ec498fe390:   0000026c08777a98 0000000000000168
0x000000ec498fe3a0:   3ff0000000000000 0000026c09655720 

Instructions: (pc=0x00007ffeed3c02ae)
0x00007ffeed3c01ae:   00 48 8b d9 e8 9d dc ff ff 48 8b f8 48 85 c0 75
0x00007ffeed3c01be:   04 48 8b 7b 48 48 8b cf e8 9f 05 05 00 48 8b d8
0x00007ffeed3c01ce:   48 85 c0 74 60 83 64 24 20 00 0f 57 c0 83 64 24
0x00007ffeed3c01de:   34 00 b9 11 00 00 00 83 64 24 38 00 f3 0f 7f 44
0x00007ffeed3c01ee:   24 24 ff 15 12 51 0a 00 4c 8d 44 24 40 ba 5c 00
0x00007ffeed3c01fe:   00 00 48 8b c8 ff 15 b7 53 0a 00 83 f8 5c 75 0d
0x00007ffeed3c020e:   48 8d 54 24 40 48 8b cb e8 fe 05 05 00 48 8d 54
0x00007ffeed3c021e:   24 20 48 8b cb e8 15 06 05 00 48 8b d3 48 8b cf
0x00007ffeed3c022e:   e8 c2 05 05 00 48 8b 8c 24 a0 00 00 00 48 33 cc
0x00007ffeed3c023e:   e8 0d 13 05 00 48 8b 9c 24 c8 00 00 00 48 81 c4
0x00007ffeed3c024e:   b0 00 00 00 5f c3 40 53 48 83 ec 20 48 8b d9 ff
0x00007ffeed3c025e:   15 f5 58 0a 00 48 85 c0 75 0a 48 8b 4b 48 ff 15
0x00007ffeed3c026e:   de 58 0a 00 48 83 c4 20 5b c3 4c 63 c2 48 8b 15
0x00007ffeed3c027e:   c6 3c 0a 00 48 ff 25 6f 57 0a 00 cc cc cc 48 8b
0x00007ffeed3c028e:   d1 48 8b 0d 9a 6c 0a 00 48 89 15 93 6c 0a 00 e9
0x00007ffeed3c029e:   6a 52 04 00 cc cc 48 89 5c 24 08 57 48 83 ec 20
0x00007ffeed3c02ae:   83 7a 58 00 48 8b da 48 8b f9 7d 08 48 8b ca e8
0x00007ffeed3c02be:   f2 8b 01 00 4c 8b 43 48 45 33 c9 48 8b 4f 48 4d
0x00007ffeed3c02ce:   8b 00 41 8d 51 30 ff 15 e6 59 0a 00 48 8b 4f 48
0x00007ffeed3c02de:   33 d2 44 8d 42 01 48 8b 5c 24 30 48 83 c4 20 5f
0x00007ffeed3c02ee:   48 ff 25 83 58 0a 00 cc cc cc 48 8b c4 48 89 58
0x00007ffeed3c02fe:   08 48 89 68 10 48 89 70 18 48 89 78 20 41 56 48
0x00007ffeed3c030e:   83 ec 20 4c 8b f2 48 8b f9 48 8b 0d da 8a 0a 00
0x00007ffeed3c031e:   ba 02 00 01 00 41 8b e8 e8 28 11 05 00 48 8b 97
0x00007ffeed3c032e:   c0 00 00 00 33 db 48 8b f0 48 85 d2 74 0d 4c 8b
0x00007ffeed3c033e:   08 48 8b c8 41 ff 91 b0 00 00 00 4d 85 f6 74 14
0x00007ffeed3c034e:   48 8b 06 49 8b d6 48 8b ce ff 90 a8 00 00 00 48
0x00007ffeed3c035e:   8b d8 eb 05 bd 01 00 00 00 48 89 9f c0 00 00 00
0x00007ffeed3c036e:   89 af c8 00 00 00 48 8b 5c 24 30 48 8b 6c 24 38
0x00007ffeed3c037e:   48 8b 74 24 40 48 8b 7c 24 48 48 83 c4 20 41 5e
0x00007ffeed3c038e:   c3 cc 48 89 5c 24 08 48 89 6c 24 10 48 89 74 24
0x00007ffeed3c039e:   18 57 48 83 ec 20 33 db 48 8b f9 48 85 c9 75 09 


Stack slot to memory mapping:
stack at sp + 0 slots: 0x0000026c09e0ef50 points into unknown readable memory: 0x0000026c0bf0c170 | 70 c1 f0 0b 6c 02 00 00
stack at sp + 1 slots: 0x0000026c09e5afb0 points into unknown readable memory: 0x00007ffeed4317f0 | f0 17 43 ed fe 7f 00 00
stack at sp + 2 slots: 0x0000026c09e5afb0 points into unknown readable memory: 0x00007ffeed4317f0 | f0 17 43 ed fe 7f 00 00
stack at sp + 3 slots: 0x0000026c0bf0c178 is a global jni handle
stack at sp + 4 slots: 0x0000026c0bf0c178 is a global jni handle
stack at sp + 5 slots: 0x00007ffeed3c5175 awt.dll
stack at sp + 6 slots: 0x0000026c09655a48 points into unknown readable memory: 0x00007ffece89de40 | 40 de 89 ce fe 7f 00 00
stack at sp + 7 slots: 0x0000026c09655a48 points into unknown readable memory: 0x00007ffece89de40 | 40 de 89 ce fe 7f 00 00


---------------  P R O C E S S  ---------------

Threads class SMR info:
_java_thread_list=0x0000026c09bd5e10, length=17, elements={
0x0000026c08410ac0, 0x0000026c084136a0, 0x0000026c08432cc0, 0x0000026c08435690,
0x0000026c08437150, 0x0000026c08438f40, 0x0000026c08444f40, 0x0000026c08d28070,
0x0000026c08e234d0, 0x0000026c08ee8210, 0x0000026c08ffca20, 0x0000026c096b6480,
0x0000026c098c2e90, 0x0000026c096549c0, 0x0000026c09655720, 0x0000026c67588a70,
0x0000026c09be3610
}

Java Threads: ( => current thread )
  0x0000026c08410ac0 JavaThread "Reference Handler" daemon [_thread_blocked, id=16452, stack(0x000000ec48900000,0x000000ec48a00000)]
  0x0000026c084136a0 JavaThread "Finalizer" daemon [_thread_blocked, id=7572, stack(0x000000ec48a00000,0x000000ec48b00000)]
  0x0000026c08432cc0 JavaThread "Signal Dispatcher" daemon [_thread_blocked, id=2260, stack(0x000000ec48b00000,0x000000ec48c00000)]
  0x0000026c08435690 JavaThread "Attach Listener" daemon [_thread_blocked, id=6692, stack(0x000000ec48c00000,0x000000ec48d00000)]
  0x0000026c08437150 JavaThread "Service Thread" daemon [_thread_blocked, id=9004, stack(0x000000ec48d00000,0x000000ec48e00000)]
  0x0000026c08438f40 JavaThread "C2 CompilerThread0" daemon [_thread_in_native, id=15280, stack(0x000000ec48e00000,0x000000ec48f00000)]
  0x0000026c08444f40 JavaThread "C1 CompilerThread0" daemon [_thread_blocked, id=7588, stack(0x000000ec48f00000,0x000000ec49000000)]
  0x0000026c08d28070 JavaThread "Sweeper thread" daemon [_thread_blocked, id=11868, stack(0x000000ec49000000,0x000000ec49100000)]
  0x0000026c08e234d0 JavaThread "Common-Cleaner" daemon [_thread_blocked, id=13844, stack(0x000000ec49100000,0x000000ec49200000)]
  0x0000026c08ee8210 JavaThread "Monitor Ctrl-Break" daemon [_thread_in_native, id=1396, stack(0x000000ec49200000,0x000000ec49300000)]
  0x0000026c08ffca20 JavaThread "Notification Thread" daemon [_thread_blocked, id=9984, stack(0x000000ec49300000,0x000000ec49400000)]
  0x0000026c096b6480 JavaThread "Java2D Disposer" daemon [_thread_blocked, id=4964, stack(0x000000ec49500000,0x000000ec49600000)]
  0x0000026c098c2e90 JavaThread "AWT-Shutdown" [_thread_blocked, id=16252, stack(0x000000ec49600000,0x000000ec49700000)]
  0x0000026c096549c0 JavaThread "AWT-Windows" daemon [_thread_in_native, id=12556, stack(0x000000ec49700000,0x000000ec49800000)]
=>0x0000026c09655720 JavaThread "AWT-EventQueue-0" [_thread_in_native, id=3364, stack(0x000000ec49800000,0x000000ec49900000)]
  0x0000026c67588a70 JavaThread "DestroyJavaVM" [_thread_blocked, id=11736, stack(0x000000ec48200000,0x000000ec48300000)]
  0x0000026c09be3610 JavaThread "Cleaner-0" daemon [_thread_blocked, id=13220, stack(0x000000ec49e00000,0x000000ec49f00000)]

Other Threads:
  0x0000026c0840f240 VMThread "VM Thread" [stack: 0x000000ec48800000,0x000000ec48900000] [id=13944]
  0x0000026c67589ba0 WatcherThread [stack: 0x000000ec49400000,0x000000ec49500000] [id=12544]
  0x0000026c675ce520 GCTaskThread "GC Thread#0" [stack: 0x000000ec48300000,0x000000ec48400000] [id=9304]
  0x0000026c08e62f60 GCTaskThread "GC Thread#1" [stack: 0x000000ec49900000,0x000000ec49a00000] [id=16504]
  0x0000026c08e63290 GCTaskThread "GC Thread#2" [stack: 0x000000ec49a00000,0x000000ec49b00000] [id=10184]
  0x0000026c08e635c0 GCTaskThread "GC Thread#3" [stack: 0x000000ec49b00000,0x000000ec49c00000] [id=10852]
  0x0000026c08e638f0 GCTaskThread "GC Thread#4" [stack: 0x000000ec49c00000,0x000000ec49d00000] [id=11816]
  0x0000026c08e63c20 GCTaskThread "GC Thread#5" [stack: 0x000000ec49d00000,0x000000ec49e00000] [id=3296]
  0x0000026c675df0c0 ConcurrentGCThread "G1 Main Marker" [stack: 0x000000ec48400000,0x000000ec48500000] [id=15876]
  0x0000026c675dfcb0 ConcurrentGCThread "G1 Conc#0" [stack: 0x000000ec48500000,0x000000ec48600000] [id=1372]
  0x0000026c676553d0 ConcurrentGCThread "G1 Refine#0" [stack: 0x000000ec48600000,0x000000ec48700000] [id=9316]
  0x0000026c082900a0 ConcurrentGCThread "G1 Young RemSet Sampling" [stack: 0x000000ec48700000,0x000000ec48800000] [id=11396]

Threads with active compile tasks:
C2 CompilerThread0     1842 1619       4       org.jetbrains.coverage.org.objectweb.asm.ClassReader::readCode (5089 bytes)

VM state: not at safepoint (normal execution)

VM Mutex/Monitor currently owned by a thread: None

Heap address: 0x0000000082600000, size: 2010 MB, Compressed Oops mode: 32-bit
CDS archive(s) mapped at: [0x0000000800000000-0x0000000800b50000-0x0000000800b50000), size 11862016, SharedBaseAddress: 0x0000000800000000, ArchiveRelocationMode: 0.
Compressed class space mapped at: 0x0000000800b50000-0x0000000840b50000, size: 1073741824
Narrow klass base: 0x0000000800000000, Narrow klass shift: 3, Narrow klass range: 0x100000000

GC Precious Log:
 CPUs: 12 total, 12 available
 Memory: 8038M
 Large Page Support: Disabled
 NUMA Support: Disabled
 Compressed Oops: Enabled (32-bit)
 Heap Region Size: 1M
 Heap Min Capacity: 8M
 Heap Initial Capacity: 126M
 Heap Max Capacity: 2010M
 Pre-touch: Disabled
 Parallel Workers: 10
 Concurrent Workers: 3
 Concurrent Refinement Workers: 10
 Periodic GC: Disabled

Heap:
 garbage-first heap   total 129024K, used 30631K [0x0000000082600000, 0x0000000100000000)
  region size 1024K, 14 young (14336K), 6 survivors (6144K)
 Metaspace       used 17665K, capacity 17913K, committed 18176K, reserved 1064960K
  class space    used 1705K, capacity 1769K, committed 1792K, reserved 1048576K

Heap Regions: E=young(eden), S=young(survivor), O=old, HS=humongous(starts), HC=humongous(continues), CS=collection set, F=free, OA=open archive, CA=closed archive, TAMS=top-at-mark-start (previous, next)
|   0|0x0000000082600000, 0x0000000082700000, 0x0000000082700000|100%| O|  |TAMS 0x0000000082600000, 0x0000000082600000| Untracked 
|   1|0x0000000082700000, 0x0000000082800000, 0x0000000082800000|100%| O|  |TAMS 0x0000000082700000, 0x0000000082700000| Untracked 
|   2|0x0000000082800000, 0x0000000082900000, 0x0000000082900000|100%| O|  |TAMS 0x0000000082800000, 0x0000000082800000| Untracked 
|   3|0x0000000082900000, 0x0000000082a00000, 0x0000000082a00000|100%| O|  |TAMS 0x0000000082900000, 0x0000000082900000| Untracked 
|   4|0x0000000082a00000, 0x0000000082b00000, 0x0000000082b00000|100%| O|  |TAMS 0x0000000082a00000, 0x0000000082a00000| Untracked 
|   5|0x0000000082b00000, 0x0000000082c00000, 0x0000000082c00000|100%| O|  |TAMS 0x0000000082b00000, 0x0000000082b00000| Untracked 
|   6|0x0000000082c00000, 0x0000000082d00000, 0x0000000082d00000|100%| O|  |TAMS 0x0000000082c00000, 0x0000000082c00000| Untracked 
|   7|0x0000000082d00000, 0x0000000082e00000, 0x0000000082e00000|100%| O|  |TAMS 0x0000000082d00000, 0x0000000082d00000| Untracked 
|   8|0x0000000082e00000, 0x0000000082f00000, 0x0000000082f00000|100%| O|  |TAMS 0x0000000082e00000, 0x0000000082e00000| Untracked 
|   9|0x0000000082f00000, 0x0000000083000000, 0x0000000083000000|100%| O|  |TAMS 0x0000000082f00000, 0x0000000082f00000| Untracked 
|  10|0x0000000083000000, 0x0000000083100000, 0x0000000083100000|100%| O|  |TAMS 0x0000000083000000, 0x0000000083000000| Untracked 
|  11|0x0000000083100000, 0x0000000083200000, 0x0000000083200000|100%| O|  |TAMS 0x0000000083100000, 0x0000000083100000| Untracked 
|  12|0x0000000083200000, 0x0000000083300000, 0x0000000083300000|100%| O|  |TAMS 0x0000000083200000, 0x0000000083200000| Untracked 
|  13|0x0000000083300000, 0x0000000083400000, 0x0000000083400000|100%| O|  |TAMS 0x0000000083300000, 0x0000000083300000| Untracked 
|  14|0x0000000083400000, 0x0000000083500000, 0x0000000083500000|100%| O|  |TAMS 0x0000000083400000, 0x0000000083400000| Untracked 
|  15|0x0000000083500000, 0x0000000083600000, 0x0000000083600000|100%| O|  |TAMS 0x0000000083500000, 0x0000000083500000| Untracked 
|  16|0x0000000083600000, 0x0000000083700000, 0x0000000083700000|100%| O|  |TAMS 0x0000000083600000, 0x0000000083600000| Untracked 
|  17|0x0000000083700000, 0x0000000083711200, 0x0000000083800000|  6%| O|  |TAMS 0x0000000083700000, 0x0000000083700000| Untracked 
|  18|0x0000000083800000, 0x0000000083800000, 0x0000000083900000|  0%| F|  |TAMS 0x0000000083800000, 0x0000000083800000| Untracked 
|  19|0x0000000083900000, 0x0000000083900000, 0x0000000083a00000|  0%| F|  |TAMS 0x0000000083900000, 0x0000000083900000| Untracked 
|  20|0x0000000083a00000, 0x0000000083a00000, 0x0000000083b00000|  0%| F|  |TAMS 0x0000000083a00000, 0x0000000083a00000| Untracked 
|  21|0x0000000083b00000, 0x0000000083b00000, 0x0000000083c00000|  0%| F|  |TAMS 0x0000000083b00000, 0x0000000083b00000| Untracked 
|  22|0x0000000083c00000, 0x0000000083c00000, 0x0000000083d00000|  0%| F|  |TAMS 0x0000000083c00000, 0x0000000083c00000| Untracked 
|  23|0x0000000083d00000, 0x0000000083d00000, 0x0000000083e00000|  0%| F|  |TAMS 0x0000000083d00000, 0x0000000083d00000| Untracked 
|  24|0x0000000083e00000, 0x0000000083e00000, 0x0000000083f00000|  0%| F|  |TAMS 0x0000000083e00000, 0x0000000083e00000| Untracked 
|  25|0x0000000083f00000, 0x0000000083f00000, 0x0000000084000000|  0%| F|  |TAMS 0x0000000083f00000, 0x0000000083f00000| Untracked 
|  26|0x0000000084000000, 0x0000000084000000, 0x0000000084100000|  0%| F|  |TAMS 0x0000000084000000, 0x0000000084000000| Untracked 
|  27|0x0000000084100000, 0x0000000084100000, 0x0000000084200000|  0%| F|  |TAMS 0x0000000084100000, 0x0000000084100000| Untracked 
|  28|0x0000000084200000, 0x0000000084200000, 0x0000000084300000|  0%| F|  |TAMS 0x0000000084200000, 0x0000000084200000| Untracked 
|  29|0x0000000084300000, 0x0000000084300000, 0x0000000084400000|  0%| F|  |TAMS 0x0000000084300000, 0x0000000084300000| Untracked 
|  30|0x0000000084400000, 0x0000000084400000, 0x0000000084500000|  0%| F|  |TAMS 0x0000000084400000, 0x0000000084400000| Untracked 
|  31|0x0000000084500000, 0x0000000084500000, 0x0000000084600000|  0%| F|  |TAMS 0x0000000084500000, 0x0000000084500000| Untracked 
|  32|0x0000000084600000, 0x0000000084600000, 0x0000000084700000|  0%| F|  |TAMS 0x0000000084600000, 0x0000000084600000| Untracked 
|  33|0x0000000084700000, 0x0000000084700000, 0x0000000084800000|  0%| F|  |TAMS 0x0000000084700000, 0x0000000084700000| Untracked 
|  34|0x0000000084800000, 0x0000000084800000, 0x0000000084900000|  0%| F|  |TAMS 0x0000000084800000, 0x0000000084800000| Untracked 
|  35|0x0000000084900000, 0x0000000084900000, 0x0000000084a00000|  0%| F|  |TAMS 0x0000000084900000, 0x0000000084900000| Untracked 
|  36|0x0000000084a00000, 0x0000000084a00000, 0x0000000084b00000|  0%| F|  |TAMS 0x0000000084a00000, 0x0000000084a00000| Untracked 
|  37|0x0000000084b00000, 0x0000000084b00000, 0x0000000084c00000|  0%| F|  |TAMS 0x0000000084b00000, 0x0000000084b00000| Untracked 
|  38|0x0000000084c00000, 0x0000000084c00000, 0x0000000084d00000|  0%| F|  |TAMS 0x0000000084c00000, 0x0000000084c00000| Untracked 
|  39|0x0000000084d00000, 0x0000000084d00000, 0x0000000084e00000|  0%| F|  |TAMS 0x0000000084d00000, 0x0000000084d00000| Untracked 
|  40|0x0000000084e00000, 0x0000000084e00000, 0x0000000084f00000|  0%| F|  |TAMS 0x0000000084e00000, 0x0000000084e00000| Untracked 
|  41|0x0000000084f00000, 0x0000000084f00000, 0x0000000085000000|  0%| F|  |TAMS 0x0000000084f00000, 0x0000000084f00000| Untracked 
|  42|0x0000000085000000, 0x0000000085000000, 0x0000000085100000|  0%| F|  |TAMS 0x0000000085000000, 0x0000000085000000| Untracked 
|  43|0x0000000085100000, 0x0000000085100000, 0x0000000085200000|  0%| F|  |TAMS 0x0000000085100000, 0x0000000085100000| Untracked 
|  44|0x0000000085200000, 0x0000000085200000, 0x0000000085300000|  0%| F|  |TAMS 0x0000000085200000, 0x0000000085200000| Untracked 
|  45|0x0000000085300000, 0x0000000085300000, 0x0000000085400000|  0%| F|  |TAMS 0x0000000085300000, 0x0000000085300000| Untracked 
|  46|0x0000000085400000, 0x00000000854d8ba0, 0x0000000085500000| 84%| S|CS|TAMS 0x0000000085400000, 0x0000000085400000| Complete 
|  47|0x0000000085500000, 0x0000000085500000, 0x0000000085600000|  0%| F|  |TAMS 0x0000000085500000, 0x0000000085500000| Untracked 
|  48|0x0000000085600000, 0x0000000085600000, 0x0000000085700000|  0%| F|  |TAMS 0x0000000085600000, 0x0000000085600000| Untracked 
|  49|0x0000000085700000, 0x0000000085700000, 0x0000000085800000|  0%| F|  |TAMS 0x0000000085700000, 0x0000000085700000| Untracked 
|  50|0x0000000085800000, 0x0000000085800000, 0x0000000085900000|  0%| F|  |TAMS 0x0000000085800000, 0x0000000085800000| Untracked 
|  51|0x0000000085900000, 0x0000000085900000, 0x0000000085a00000|  0%| F|  |TAMS 0x0000000085900000, 0x0000000085900000| Untracked 
|  52|0x0000000085a00000, 0x0000000085a00000, 0x0000000085b00000|  0%| F|  |TAMS 0x0000000085a00000, 0x0000000085a00000| Untracked 
|  53|0x0000000085b00000, 0x0000000085b00000, 0x0000000085c00000|  0%| F|  |TAMS 0x0000000085b00000, 0x0000000085b00000| Untracked 
|  54|0x0000000085c00000, 0x0000000085c00000, 0x0000000085d00000|  0%| F|  |TAMS 0x0000000085c00000, 0x0000000085c00000| Untracked 
|  55|0x0000000085d00000, 0x0000000085d00000, 0x0000000085e00000|  0%| F|  |TAMS 0x0000000085d00000, 0x0000000085d00000| Untracked 
|  56|0x0000000085e00000, 0x0000000085f00000, 0x0000000085f00000|100%| S|CS|TAMS 0x0000000085e00000, 0x0000000085e00000| Complete 
|  57|0x0000000085f00000, 0x0000000086000000, 0x0000000086000000|100%| S|CS|TAMS 0x0000000085f00000, 0x0000000085f00000| Complete 
|  58|0x0000000086000000, 0x0000000086100000, 0x0000000086100000|100%| S|CS|TAMS 0x0000000086000000, 0x0000000086000000| Complete 
|  59|0x0000000086100000, 0x0000000086200000, 0x0000000086200000|100%| S|CS|TAMS 0x0000000086100000, 0x0000000086100000| Complete 
|  60|0x0000000086200000, 0x0000000086300000, 0x0000000086300000|100%| S|CS|TAMS 0x0000000086200000, 0x0000000086200000| Complete 
|  61|0x0000000086300000, 0x0000000086300000, 0x0000000086400000|  0%| F|  |TAMS 0x0000000086300000, 0x0000000086300000| Untracked 
|  62|0x0000000086400000, 0x0000000086400000, 0x0000000086500000|  0%| F|  |TAMS 0x0000000086400000, 0x0000000086400000| Untracked 
|  63|0x0000000086500000, 0x0000000086500000, 0x0000000086600000|  0%| F|  |TAMS 0x0000000086500000, 0x0000000086500000| Untracked 
|  64|0x0000000086600000, 0x0000000086600000, 0x0000000086700000|  0%| F|  |TAMS 0x0000000086600000, 0x0000000086600000| Untracked 
|  65|0x0000000086700000, 0x0000000086700000, 0x0000000086800000|  0%| F|  |TAMS 0x0000000086700000, 0x0000000086700000| Untracked 
|  66|0x0000000086800000, 0x0000000086800000, 0x0000000086900000|  0%| F|  |TAMS 0x0000000086800000, 0x0000000086800000| Untracked 
|  67|0x0000000086900000, 0x0000000086900000, 0x0000000086a00000|  0%| F|  |TAMS 0x0000000086900000, 0x0000000086900000| Untracked 
|  68|0x0000000086a00000, 0x0000000086a00000, 0x0000000086b00000|  0%| F|  |TAMS 0x0000000086a00000, 0x0000000086a00000| Untracked 
|  69|0x0000000086b00000, 0x0000000086b00000, 0x0000000086c00000|  0%| F|  |TAMS 0x0000000086b00000, 0x0000000086b00000| Untracked 
|  70|0x0000000086c00000, 0x0000000086c00000, 0x0000000086d00000|  0%| F|  |TAMS 0x0000000086c00000, 0x0000000086c00000| Untracked 
|  71|0x0000000086d00000, 0x0000000086d00000, 0x0000000086e00000|  0%| F|  |TAMS 0x0000000086d00000, 0x0000000086d00000| Untracked 
|  72|0x0000000086e00000, 0x0000000086e00000, 0x0000000086f00000|  0%| F|  |TAMS 0x0000000086e00000, 0x0000000086e00000| Untracked 
|  73|0x0000000086f00000, 0x0000000086f00000, 0x0000000087000000|  0%| F|  |TAMS 0x0000000086f00000, 0x0000000086f00000| Untracked 
|  74|0x0000000087000000, 0x0000000087000000, 0x0000000087100000|  0%| F|  |TAMS 0x0000000087000000, 0x0000000087000000| Untracked 
|  75|0x0000000087100000, 0x0000000087100000, 0x0000000087200000|  0%| F|  |TAMS 0x0000000087100000, 0x0000000087100000| Untracked 
|  76|0x0000000087200000, 0x0000000087200000, 0x0000000087300000|  0%| F|  |TAMS 0x0000000087200000, 0x0000000087200000| Untracked 
|  77|0x0000000087300000, 0x0000000087300000, 0x0000000087400000|  0%| F|  |TAMS 0x0000000087300000, 0x0000000087300000| Untracked 
|  78|0x0000000087400000, 0x0000000087400000, 0x0000000087500000|  0%| F|  |TAMS 0x0000000087400000, 0x0000000087400000| Untracked 
|  79|0x0000000087500000, 0x0000000087500000, 0x0000000087600000|  0%| F|  |TAMS 0x0000000087500000, 0x0000000087500000| Untracked 
|  80|0x0000000087600000, 0x0000000087600000, 0x0000000087700000|  0%| F|  |TAMS 0x0000000087600000, 0x0000000087600000| Untracked 
|  81|0x0000000087700000, 0x0000000087700000, 0x0000000087800000|  0%| F|  |TAMS 0x0000000087700000, 0x0000000087700000| Untracked 
|  82|0x0000000087800000, 0x0000000087800000, 0x0000000087900000|  0%| F|  |TAMS 0x0000000087800000, 0x0000000087800000| Untracked 
|  83|0x0000000087900000, 0x0000000087900000, 0x0000000087a00000|  0%| F|  |TAMS 0x0000000087900000, 0x0000000087900000| Untracked 
|  84|0x0000000087a00000, 0x0000000087a00000, 0x0000000087b00000|  0%| F|  |TAMS 0x0000000087a00000, 0x0000000087a00000| Untracked 
|  85|0x0000000087b00000, 0x0000000087b00000, 0x0000000087c00000|  0%| F|  |TAMS 0x0000000087b00000, 0x0000000087b00000| Untracked 
|  86|0x0000000087c00000, 0x0000000087c00000, 0x0000000087d00000|  0%| F|  |TAMS 0x0000000087c00000, 0x0000000087c00000| Untracked 
|  87|0x0000000087d00000, 0x0000000087d00000, 0x0000000087e00000|  0%| F|  |TAMS 0x0000000087d00000, 0x0000000087d00000| Untracked 
|  88|0x0000000087e00000, 0x0000000087e00000, 0x0000000087f00000|  0%| F|  |TAMS 0x0000000087e00000, 0x0000000087e00000| Untracked 
|  89|0x0000000087f00000, 0x0000000087f00000, 0x0000000088000000|  0%| F|  |TAMS 0x0000000087f00000, 0x0000000087f00000| Untracked 
|  90|0x0000000088000000, 0x0000000088000000, 0x0000000088100000|  0%| F|  |TAMS 0x0000000088000000, 0x0000000088000000| Untracked 
|  91|0x0000000088100000, 0x0000000088100000, 0x0000000088200000|  0%| F|  |TAMS 0x0000000088100000, 0x0000000088100000| Untracked 
|  92|0x0000000088200000, 0x0000000088200000, 0x0000000088300000|  0%| F|  |TAMS 0x0000000088200000, 0x0000000088200000| Untracked 
|  93|0x0000000088300000, 0x0000000088300000, 0x0000000088400000|  0%| F|  |TAMS 0x0000000088300000, 0x0000000088300000| Untracked 
|  94|0x0000000088400000, 0x0000000088400000, 0x0000000088500000|  0%| F|  |TAMS 0x0000000088400000, 0x0000000088400000| Untracked 
|  95|0x0000000088500000, 0x0000000088500000, 0x0000000088600000|  0%| F|  |TAMS 0x0000000088500000, 0x0000000088500000| Untracked 
|  96|0x0000000088600000, 0x0000000088600000, 0x0000000088700000|  0%| F|  |TAMS 0x0000000088600000, 0x0000000088600000| Untracked 
|  97|0x0000000088700000, 0x0000000088700000, 0x0000000088800000|  0%| F|  |TAMS 0x0000000088700000, 0x0000000088700000| Untracked 
|  98|0x0000000088800000, 0x0000000088800000, 0x0000000088900000|  0%| F|  |TAMS 0x0000000088800000, 0x0000000088800000| Untracked 
|  99|0x0000000088900000, 0x0000000088900000, 0x0000000088a00000|  0%| F|  |TAMS 0x0000000088900000, 0x0000000088900000| Untracked 
| 100|0x0000000088a00000, 0x0000000088a00000, 0x0000000088b00000|  0%| F|  |TAMS 0x0000000088a00000, 0x0000000088a00000| Untracked 
| 101|0x0000000088b00000, 0x0000000088b00000, 0x0000000088c00000|  0%| F|  |TAMS 0x0000000088b00000, 0x0000000088b00000| Untracked 
| 102|0x0000000088c00000, 0x0000000088c00000, 0x0000000088d00000|  0%| F|  |TAMS 0x0000000088c00000, 0x0000000088c00000| Untracked 
| 103|0x0000000088d00000, 0x0000000088d00000, 0x0000000088e00000|  0%| F|  |TAMS 0x0000000088d00000, 0x0000000088d00000| Untracked 
| 104|0x0000000088e00000, 0x0000000088e00000, 0x0000000088f00000|  0%| F|  |TAMS 0x0000000088e00000, 0x0000000088e00000| Untracked 
| 105|0x0000000088f00000, 0x0000000088f00000, 0x0000000089000000|  0%| F|  |TAMS 0x0000000088f00000, 0x0000000088f00000| Untracked 
| 106|0x0000000089000000, 0x0000000089000000, 0x0000000089100000|  0%| F|  |TAMS 0x0000000089000000, 0x0000000089000000| Untracked 
| 107|0x0000000089100000, 0x0000000089100000, 0x0000000089200000|  0%| F|  |TAMS 0x0000000089100000, 0x0000000089100000| Untracked 
| 108|0x0000000089200000, 0x0000000089200000, 0x0000000089300000|  0%| F|  |TAMS 0x0000000089200000, 0x0000000089200000| Untracked 
| 109|0x0000000089300000, 0x0000000089300000, 0x0000000089400000|  0%| F|  |TAMS 0x0000000089300000, 0x0000000089300000| Untracked 
| 110|0x0000000089400000, 0x0000000089400000, 0x0000000089500000|  0%| F|  |TAMS 0x0000000089400000, 0x0000000089400000| Untracked 
| 111|0x0000000089500000, 0x0000000089500000, 0x0000000089600000|  0%| F|  |TAMS 0x0000000089500000, 0x0000000089500000| Untracked 
| 112|0x0000000089600000, 0x0000000089600000, 0x0000000089700000|  0%| F|  |TAMS 0x0000000089600000, 0x0000000089600000| Untracked 
| 113|0x0000000089700000, 0x0000000089700000, 0x0000000089800000|  0%| F|  |TAMS 0x0000000089700000, 0x0000000089700000| Untracked 
| 114|0x0000000089800000, 0x0000000089800000, 0x0000000089900000|  0%| F|  |TAMS 0x0000000089800000, 0x0000000089800000| Untracked 
| 115|0x0000000089900000, 0x0000000089900000, 0x0000000089a00000|  0%| F|  |TAMS 0x0000000089900000, 0x0000000089900000| Untracked 
| 116|0x0000000089a00000, 0x0000000089a00000, 0x0000000089b00000|  0%| F|  |TAMS 0x0000000089a00000, 0x0000000089a00000| Untracked 
| 117|0x0000000089b00000, 0x0000000089b00000, 0x0000000089c00000|  0%| F|  |TAMS 0x0000000089b00000, 0x0000000089b00000| Untracked 
| 118|0x0000000089c00000, 0x0000000089d00000, 0x0000000089d00000|100%| E|  |TAMS 0x0000000089c00000, 0x0000000089c00000| Complete 
| 119|0x0000000089d00000, 0x0000000089e00000, 0x0000000089e00000|100%| E|CS|TAMS 0x0000000089d00000, 0x0000000089d00000| Complete 
| 120|0x0000000089e00000, 0x0000000089f00000, 0x0000000089f00000|100%| E|CS|TAMS 0x0000000089e00000, 0x0000000089e00000| Complete 
| 121|0x0000000089f00000, 0x000000008a000000, 0x000000008a000000|100%| E|CS|TAMS 0x0000000089f00000, 0x0000000089f00000| Complete 
| 122|0x000000008a000000, 0x000000008a100000, 0x000000008a100000|100%| E|CS|TAMS 0x000000008a000000, 0x000000008a000000| Complete 
| 123|0x000000008a100000, 0x000000008a200000, 0x000000008a200000|100%| E|CS|TAMS 0x000000008a100000, 0x000000008a100000| Complete 
| 124|0x000000008a200000, 0x000000008a300000, 0x000000008a300000|100%| E|CS|TAMS 0x000000008a200000, 0x000000008a200000| Complete 
| 125|0x000000008a300000, 0x000000008a400000, 0x000000008a400000|100%| E|CS|TAMS 0x000000008a300000, 0x000000008a300000| Complete 

Card table byte_map: [0x0000026c01080000,0x0000026c01470000] _byte_map_base: 0x0000026c00c6d000

Marking Bits (Prev, Next): (CMBitMap*) 0x0000026c675cec20, (CMBitMap*) 0x0000026c675cec60
 Prev Bits: [0x0000026c01860000, 0x0000026c037c8000)
 Next Bits: [0x0000026c037d0000, 0x0000026c05738000)

Polling page: 0x0000026c67660000

Metaspace:

Usage:
  Non-class:     15.77 MB capacity,    15.59 MB ( 99%) used,   163.98 KB (  1%) free+waste,    19.38 KB ( <1%) overhead. 
      Class:      1.73 MB capacity,     1.67 MB ( 96%) used,    57.41 KB (  3%) free+waste,     6.56 KB ( <1%) overhead. 
       Both:     17.49 MB capacity,    17.25 MB ( 99%) used,   221.40 KB (  1%) free+waste,    25.94 KB ( <1%) overhead. 

Virtual space:
  Non-class space:       16.00 MB reserved,      16.00 MB (100%) committed 
      Class space:        1.00 GB reserved,       1.75 MB ( <1%) committed 
             Both:        1.02 GB reserved,      17.75 MB (  2%) committed 

Chunk freelists:
   Non-Class:  0 bytes
       Class:  23.00 KB
        Both:  23.00 KB

MaxMetaspaceSize: 17179869184.00 GB
CompressedClassSpaceSize: 1.00 GB

CodeHeap 'non-profiled nmethods': size=120000Kb used=598Kb max_used=598Kb free=119401Kb
 bounds [0x0000026c78a80000, 0x0000026c78cf0000, 0x0000026c7ffb0000]
CodeHeap 'profiled nmethods': size=120000Kb used=3348Kb max_used=3348Kb free=116651Kb
 bounds [0x0000026c71550000, 0x0000026c718a0000, 0x0000026c78a80000]
CodeHeap 'non-nmethods': size=5760Kb used=1491Kb max_used=1501Kb free=4268Kb
 bounds [0x0000026c70fb0000, 0x0000026c71220000, 0x0000026c71550000]
 total_blobs=2502 nmethods=1665 adapters=750
 compilation: enabled
              stopped_count=0, restarted_count=0
 full_count=0

Compilation events (20 events):
Event: 1.781 Thread 0x0000026c08444f40 1740       2       sun.awt.FontConfiguration::needToSearchForFile (128 bytes)
Event: 1.782 Thread 0x0000026c08444f40 nmethod 1740 0x0000026c71891410 code [0x0000026c71891660, 0x0000026c71891c58]
Event: 1.782 Thread 0x0000026c08444f40 1741       2       java.util.HashSet::contains (9 bytes)
Event: 1.782 Thread 0x0000026c08444f40 nmethod 1741 0x0000026c71891f90 code [0x0000026c71892120, 0x0000026c71892248]
Event: 1.782 Thread 0x0000026c08444f40 1742  s    1       sun.font.SunFontManager::getDefaultFontFile (5 bytes)
Event: 1.782 Thread 0x0000026c08444f40 nmethod 1742 0x0000026c78b14c10 code [0x0000026c78b14da0, 0x0000026c78b14ef8]
Event: 1.782 Thread 0x0000026c08444f40 1743  s    1       sun.font.SunFontManager::getDefaultFontFaceName (5 bytes)
Event: 1.782 Thread 0x0000026c08444f40 nmethod 1743 0x0000026c78b14f90 code [0x0000026c78b15120, 0x0000026c78b15278]
Event: 1.783 Thread 0x0000026c08444f40 1744       2       java.util.TreeMap::parentOf (13 bytes)
Event: 1.783 Thread 0x0000026c08444f40 nmethod 1744 0x0000026c71892310 code [0x0000026c718924a0, 0x0000026c71892598]
Event: 1.787 Thread 0x0000026c08444f40 1745       2       jdk.internal.org.objectweb.asm.Type::getDescriptor (93 bytes)
Event: 1.787 Thread 0x0000026c08444f40 nmethod 1745 0x0000026c71892690 code [0x0000026c718928a0, 0x0000026c71892be8]
Event: 1.787 Thread 0x0000026c08444f40 1747       2       jdk.internal.org.objectweb.asm.Frame::setLocal (65 bytes)
Event: 1.788 Thread 0x0000026c08444f40 nmethod 1747 0x0000026c71892e10 code [0x0000026c71892fc0, 0x0000026c718933e8]
Event: 1.788 Thread 0x0000026c08444f40 1748       2       java.lang.invoke.LambdaForm$BasicType::basicType (172 bytes)
Event: 1.788 Thread 0x0000026c08444f40 nmethod 1748 0x0000026c71893590 code [0x0000026c718937a0, 0x0000026c71893bc8]
Event: 1.788 Thread 0x0000026c08444f40 1746       2       java.lang.invoke.InvokerBytecodeGenerator::storeInsnOpcode (87 bytes)
Event: 1.788 Thread 0x0000026c08444f40 nmethod 1746 0x0000026c71893d90 code [0x0000026c71893f80, 0x0000026c71894378]
Event: 1.788 Thread 0x0000026c08444f40 1749       2       jdk.internal.org.objectweb.asm.Type::getTypeInternal (199 bytes)
Event: 1.789 Thread 0x0000026c08444f40 nmethod 1749 0x0000026c71894590 code [0x0000026c718947a0, 0x0000026c71894ec8]

GC Heap History (8 events):
Event: 0.525 GC heap before
{Heap before GC invocations=0 (full 0):
 garbage-first heap   total 129024K, used 22528K [0x0000000082600000, 0x0000000100000000)
  region size 1024K, 23 young (23552K), 0 survivors (0K)
 Metaspace       used 6711K, capacity 6940K, committed 7168K, reserved 1056768K
  class space    used 660K, capacity 735K, committed 768K, reserved 1048576K
}
Event: 0.530 GC heap after
{Heap after GC invocations=1 (full 0):
 garbage-first heap   total 129024K, used 5000K [0x0000000082600000, 0x0000000100000000)
  region size 1024K, 3 young (3072K), 3 survivors (3072K)
 Metaspace       used 6711K, capacity 6940K, committed 7168K, reserved 1056768K
  class space    used 660K, capacity 735K, committed 768K, reserved 1048576K
}
Event: 0.768 GC heap before
{Heap before GC invocations=1 (full 0):
 garbage-first heap   total 129024K, used 32648K [0x0000000082600000, 0x0000000100000000)
  region size 1024K, 31 young (31744K), 3 survivors (3072K)
 Metaspace       used 9068K, capacity 9311K, committed 9472K, reserved 1058816K
  class space    used 917K, capacity 992K, committed 1024K, reserved 1048576K
}
Event: 0.773 GC heap after
{Heap after GC invocations=2 (full 0):
 garbage-first heap   total 129024K, used 8831K [0x0000000082600000, 0x0000000100000000)
  region size 1024K, 4 young (4096K), 4 survivors (4096K)
 Metaspace       used 9068K, capacity 9311K, committed 9472K, reserved 1058816K
  class space    used 917K, capacity 992K, committed 1024K, reserved 1048576K
}
Event: 1.214 GC heap before
{Heap before GC invocations=2 (full 0):
 garbage-first heap   total 129024K, used 78463K [0x0000000082600000, 0x0000000100000000)
  region size 1024K, 70 young (71680K), 4 survivors (4096K)
 Metaspace       used 12696K, capacity 12865K, committed 13056K, reserved 1060864K
  class space    used 1163K, capacity 1218K, committed 1280K, reserved 1048576K
}
Event: 1.222 GC heap after
{Heap after GC invocations=3 (full 0):
 garbage-first heap   total 129024K, used 17012K [0x0000000082600000, 0x0000000100000000)
  region size 1024K, 9 young (9216K), 9 survivors (9216K)
 Metaspace       used 12696K, capacity 12865K, committed 13056K, reserved 1060864K
  class space    used 1163K, capacity 1218K, committed 1280K, reserved 1048576K
}
Event: 1.652 GC heap before
{Heap before GC invocations=3 (full 0):
 garbage-first heap   total 129024K, used 83572K [0x0000000082600000, 0x0000000100000000)
  region size 1024K, 74 young (75776K), 9 survivors (9216K)
 Metaspace       used 16132K, capacity 16321K, committed 16512K, reserved 1064960K
  class space    used 1548K, capacity 1602K, committed 1664K, reserved 1048576K
}
Event: 1.660 GC heap after
{Heap after GC invocations=4 (full 0):
 garbage-first heap   total 129024K, used 23463K [0x0000000082600000, 0x0000000100000000)
  region size 1024K, 6 young (6144K), 6 survivors (6144K)
 Metaspace       used 16132K, capacity 16321K, committed 16512K, reserved 1064960K
  class space    used 1548K, capacity 1602K, committed 1664K, reserved 1048576K
}

Deoptimization events (20 events):
Event: 1.642 Thread 0x0000026c09655720 DEOPT PACKING pc=0x0000026c71763bf9 sp=0x000000ec498f5420
Event: 1.642 Thread 0x0000026c09655720 DEOPT UNPACKING pc=0x0000026c70ffe23f sp=0x000000ec498f48f0 mode 0
Event: 1.696 Thread 0x0000026c09655720 DEOPT PACKING pc=0x0000026c7181853f sp=0x000000ec498f8600
Event: 1.696 Thread 0x0000026c09655720 DEOPT UNPACKING pc=0x0000026c70ffe23f sp=0x000000ec498f7a50 mode 0
Event: 1.705 Thread 0x0000026c09655720 DEOPT PACKING pc=0x0000026c717386a0 sp=0x000000ec498f50a0
Event: 1.705 Thread 0x0000026c09655720 DEOPT UNPACKING pc=0x0000026c70ffe23f sp=0x000000ec498f45b8 mode 0
Event: 1.730 Thread 0x0000026c09655720 DEOPT PACKING pc=0x0000026c71763bf9 sp=0x000000ec498fb8e0
Event: 1.730 Thread 0x0000026c09655720 DEOPT UNPACKING pc=0x0000026c70ffe23f sp=0x000000ec498fadb0 mode 0
Event: 1.732 Thread 0x0000026c09655720 DEOPT PACKING pc=0x0000026c71806ef9 sp=0x000000ec498fba90
Event: 1.732 Thread 0x0000026c09655720 DEOPT UNPACKING pc=0x0000026c70ffe23f sp=0x000000ec498fb010 mode 0
Event: 1.732 Thread 0x0000026c09655720 DEOPT PACKING pc=0x0000026c717d7d32 sp=0x000000ec498fba00
Event: 1.732 Thread 0x0000026c09655720 DEOPT UNPACKING pc=0x0000026c70ffe23f sp=0x000000ec498fae90 mode 0
Event: 1.732 Thread 0x0000026c09655720 DEOPT PACKING pc=0x0000026c717d5e85 sp=0x000000ec498fb960
Event: 1.732 Thread 0x0000026c09655720 DEOPT UNPACKING pc=0x0000026c70ffe23f sp=0x000000ec498fae58 mode 0
Event: 1.740 Thread 0x0000026c09655720 DEOPT PACKING pc=0x0000026c71763bf9 sp=0x000000ec498fbef0
Event: 1.740 Thread 0x0000026c09655720 DEOPT UNPACKING pc=0x0000026c70ffe23f sp=0x000000ec498fb3c0 mode 0
Event: 1.743 Thread 0x0000026c096549c0 Uncommon trap: trap_request=0xffffff45 fr.pc=0x0000026c78a8d1bc relative=0x00000000000008dc
Event: 1.743 Thread 0x0000026c096549c0 Uncommon trap: reason=unstable_if action=reinterpret pc=0x0000026c78a8d1bc method=java.util.HashMap.putVal(ILjava/lang/Object;Ljava/lang/Object;ZZ)Ljava/lang/Object; @ 181 c2
Event: 1.743 Thread 0x0000026c096549c0 DEOPT PACKING pc=0x0000026c78a8d1bc sp=0x000000ec497fe290
Event: 1.743 Thread 0x0000026c096549c0 DEOPT UNPACKING pc=0x0000026c70ffe42f sp=0x000000ec497fe230 mode 2

Classes unloaded (0 events):
No events

Classes redefined (0 events):
No events

Internal exceptions (16 events):
Event: 0.266 Thread 0x0000026c08ee8210 Exception <a 'java/lang/NoSuchMethodError'{0x0000000089fba428}: 'java.lang.Object java.lang.invoke.DirectMethodHandle$Holder.invokeStatic(java.lang.Object)'> (0x0000000089fba428) 
thrown [./open/src/hotspot/share/interpreter/linkResolver.cpp, line 782]
Event: 0.266 Thread 0x0000026c08ee8210 Exception <a 'java/lang/NoSuchMethodError'{0x0000000089fbf728}: 'java.lang.Object java.lang.invoke.DirectMethodHandle$Holder.invokeStaticInit(java.lang.Object)'> (0x0000000089fbf728) 
thrown [./open/src/hotspot/share/interpreter/linkResolver.cpp, line 782]
Event: 0.272 Thread 0x0000026c08ee8210 Exception <a 'java/lang/NoSuchMethodError'{0x0000000089fee960}: 'void java.lang.invoke.DirectMethodHandle$Holder.invokeStatic(java.lang.Object, java.lang.Object)'> (0x0000000089fee960) 
thrown [./open/src/hotspot/share/interpreter/linkResolver.cpp, line 782]
Event: 0.337 Thread 0x0000026c67588a70 Exception <a 'java/lang/ClassNotFoundException'{0x0000000089a5dd38}: sun/awt/resources/spi/awtProvider> (0x0000000089a5dd38) 
thrown [./open/src/hotspot/share/classfile/systemDictionary.cpp, line 295]
Event: 0.353 Thread 0x0000026c67588a70 Exception <a 'java/io/FileNotFoundException'{0x0000000089ad16b0}> (0x0000000089ad16b0) 
thrown [./open/src/hotspot/share/prims/jni.cpp, line 578]
Event: 0.358 Thread 0x0000026c67588a70 Exception <a 'java/io/FileNotFoundException'{0x0000000089902ad0}> (0x0000000089902ad0) 
thrown [./open/src/hotspot/share/prims/jni.cpp, line 578]
Event: 0.361 Thread 0x0000026c67588a70 Exception <a 'java/lang/NoSuchMethodError'{0x0000000089930698}: 'void java.lang.invoke.DirectMethodHandle$Holder.invokeSpecial(java.lang.Object, java.lang.Object, java.lang.Object)'> (0x0000000089930698) 
thrown [./open/src/hotspot/share/interpreter/linkResolver.cpp, line 782]
Event: 0.441 Thread 0x0000026c09655720 Exception <a 'java/lang/NoSuchMethodError'{0x00000000894876c8}: 'java.lang.Object java.lang.invoke.DirectMethodHandle$Holder.newInvokeSpecial(java.lang.Object, java.lang.Object, java.lang.Object, java.lang.Object, java.lang.Object)'> (0x00000000894876c8) 
thrown [./open/src/hotspot/share/interpreter/linkResolver.cpp, line 782]
Event: 0.443 Thread 0x0000026c09655720 Exception <a 'java/lang/NoSuchMethodError'{0x0000000089493158}: 'java.lang.Object java.lang.invoke.DirectMethodHandle$Holder.invokeStatic(java.lang.Object, int, java.lang.Object, java.lang.Object, java.lang.Object, java.lang.Object)'> (0x0000000089493158) 
thrown [./open/src/hotspot/share/interpreter/linkResolver.cpp, line 782]
Event: 0.446 Thread 0x0000026c09655720 Exception <a 'java/lang/NoSuchMethodError'{0x00000000894b9b48}: 'java.lang.Object java.lang.invoke.DirectMethodHandle$Holder.invokeStatic(java.lang.Object, int, java.lang.Object)'> (0x00000000894b9b48) 
thrown [./open/src/hotspot/share/interpreter/linkResolver.cpp, line 782]
Event: 0.462 Thread 0x0000026c09655720 Exception <a 'java/lang/ClassNotFoundException'{0x0000000089386a60}: com/sun/swing/internal/plaf/metal/resources/spi/metalProvider> (0x0000000089386a60) 
thrown [./open/src/hotspot/share/classfile/systemDictionary.cpp, line 295]
Event: 0.463 Thread 0x0000026c09655720 Exception <a 'java/lang/ClassNotFoundException'{0x000000008938ee40}: com/sun/swing/internal/plaf/basic/resources/spi/basicProvider> (0x000000008938ee40) 
thrown [./open/src/hotspot/share/classfile/systemDictionary.cpp, line 295]
Event: 0.466 Thread 0x0000026c09655720 Implicit null exception at 0x0000026c78a9f0e0 to 0x0000026c78a9f172
Event: 0.661 Thread 0x0000026c09655720 Exception <a 'java/lang/NoSuchMethodError'{0x00000000893f7a80}: 'void java.lang.invoke.DirectMethodHandle$Holder.invokeStaticInit(java.lang.Object)'> (0x00000000893f7a80) 
thrown [./open/src/hotspot/share/interpreter/linkResolver.cpp, line 782]
Event: 0.669 Thread 0x0000026c09655720 Exception <a 'java/lang/ClassNotFoundException'{0x000000008926b750}: com/sun/java/swing/plaf/windows/resources/spi/windowsProvider> (0x000000008926b750) 
thrown [./open/src/hotspot/share/classfile/systemDictionary.cpp, line 295]
Event: 1.774 Thread 0x0000026c09655720 Exception <a 'java/io/FileNotFoundException'{0x0000000089c5c568}> (0x0000000089c5c568) 
thrown [./open/src/hotspot/share/prims/jni.cpp, line 578]

Events (20 events):
Event: 1.784 loading class sun/awt/FontConfiguration$2
Event: 1.784 loading class sun/awt/FontConfiguration$2 done
Event: 1.784 loading class default
Event: 1.784 loading class default done
Event: 1.784 loading class sun/awt/windows/WDefaultFontCharset
Event: 1.784 loading class sun/awt/AWTCharset
Event: 1.784 loading class sun/awt/AWTCharset done
Event: 1.784 loading class sun/awt/windows/WDefaultFontCharset done
Event: 1.785 loading class sun/awt/windows/WDefaultFontCharset$Encoder
Event: 1.785 loading class sun/awt/AWTCharset$Encoder
Event: 1.785 loading class sun/awt/AWTCharset$Encoder done
Event: 1.785 loading class sun/awt/windows/WDefaultFontCharset$Encoder done
Event: 1.786 loading class sun/awt/windows/WingDings
Event: 1.786 loading class sun/awt/windows/WingDings done
Event: 1.786 loading class sun/awt/windows/WingDings$Encoder
Event: 1.786 loading class sun/awt/windows/WingDings$Encoder done
Event: 1.786 loading class sun/awt/Symbol
Event: 1.786 loading class sun/awt/Symbol done
Event: 1.786 loading class sun/awt/Symbol$Encoder
Event: 1.786 loading class sun/awt/Symbol$Encoder done


Dynamic libraries:
0x00007ff7acab0000 - 0x00007ff7acabd000 	C:\Users\nqftd\.jdks\openjdk-15.0.2\bin\java.exe
0x00007fff2b370000 - 0x00007fff2b566000 	C:\Windows\SYSTEM32\ntdll.dll
0x00007fff2a6f0000 - 0x00007fff2a7ad000 	C:\Windows\System32\KERNEL32.DLL
0x00007fff28ed0000 - 0x00007fff29199000 	C:\Windows\System32\KERNELBASE.dll
0x00007fff28b60000 - 0x00007fff28c60000 	C:\Windows\System32\ucrtbase.dll
0x00007ffefa210000 - 0x00007ffefa229000 	C:\Users\nqftd\.jdks\openjdk-15.0.2\bin\VCRUNTIME140.dll
0x00007ffefd6c0000 - 0x00007ffefd6d8000 	C:\Users\nqftd\.jdks\openjdk-15.0.2\bin\jli.dll
0x00007fff29400000 - 0x00007fff295a0000 	C:\Windows\System32\USER32.dll
0x00007fff14190000 - 0x00007fff1442b000 	C:\Windows\WinSxS\amd64_microsoft.windows.common-controls_6595b64144ccf1df_6.0.19041.746_none_ca02b4b61b8320a4\COMCTL32.dll
0x00007fff28ab0000 - 0x00007fff28ad2000 	C:\Windows\System32\win32u.dll
0x00007fff29d00000 - 0x00007fff29d9e000 	C:\Windows\System32\msvcrt.dll
0x00007fff29b00000 - 0x00007fff29b2a000 	C:\Windows\System32\GDI32.dll
0x00007fff28c60000 - 0x00007fff28d6b000 	C:\Windows\System32\gdi32full.dll
0x00007fff29230000 - 0x00007fff292cd000 	C:\Windows\System32\msvcp_win.dll
0x00007fff293d0000 - 0x00007fff29400000 	C:\Windows\System32\IMM32.DLL
0x00007fff17f90000 - 0x00007fff17f9c000 	C:\Users\nqftd\.jdks\openjdk-15.0.2\bin\vcruntime140_1.dll
0x00007ffed8640000 - 0x00007ffed86d1000 	C:\Users\nqftd\.jdks\openjdk-15.0.2\bin\msvcp140.dll
0x00007ffecdea0000 - 0x00007ffece9fe000 	C:\Users\nqftd\.jdks\openjdk-15.0.2\bin\server\jvm.dll
0x00007fff2b280000 - 0x00007fff2b32c000 	C:\Windows\System32\ADVAPI32.dll
0x00007fff29b90000 - 0x00007fff29c2c000 	C:\Windows\System32\sechost.dll
0x00007fff2b150000 - 0x00007fff2b27b000 	C:\Windows\System32\RPCRT4.dll
0x00007fff2b0b0000 - 0x00007fff2b0b8000 	C:\Windows\System32\PSAPI.DLL
0x00007fff236a0000 - 0x00007fff236a9000 	C:\Windows\SYSTEM32\WSOCK32.dll
0x00007fff0e170000 - 0x00007fff0e197000 	C:\Windows\SYSTEM32\WINMM.dll
0x00007fff22800000 - 0x00007fff2280a000 	C:\Windows\SYSTEM32\VERSION.dll
0x00007fff29c30000 - 0x00007fff29c9b000 	C:\Windows\System32\WS2_32.dll
0x00007fff26a10000 - 0x00007fff26a22000 	C:\Windows\SYSTEM32\kernel.appcore.dll
0x00007fff179d0000 - 0x00007fff179da000 	C:\Users\nqftd\.jdks\openjdk-15.0.2\bin\jimage.dll
0x00007fff0db00000 - 0x00007fff0dce4000 	C:\Windows\SYSTEM32\DBGHELP.DLL
0x00007fff0d2a0000 - 0x00007fff0d2cc000 	C:\Windows\SYSTEM32\dbgcore.DLL
0x00007fff28ae0000 - 0x00007fff28b60000 	C:\Windows\System32\bcryptPrimitives.dll
0x00007fff245c0000 - 0x00007fff245ce000 	C:\Users\nqftd\.jdks\openjdk-15.0.2\bin\instrument.dll
0x00007ffef4830000 - 0x00007ffef4855000 	C:\Users\nqftd\.jdks\openjdk-15.0.2\bin\java.dll
0x00007ffef75e0000 - 0x00007ffef75f8000 	C:\Users\nqftd\.jdks\openjdk-15.0.2\bin\zip.dll
0x00007fff29ec0000 - 0x00007fff2a603000 	C:\Windows\System32\SHELL32.dll
0x00007fff26c10000 - 0x00007fff2739f000 	C:\Windows\SYSTEM32\windows.storage.dll
0x00007fff2a7b0000 - 0x00007fff2ab06000 	C:\Windows\System32\combase.dll
0x00007fff28510000 - 0x00007fff2853c000 	C:\Windows\SYSTEM32\Wldp.dll
0x00007fff295a0000 - 0x00007fff2964e000 	C:\Windows\System32\SHCORE.dll
0x00007fff29b30000 - 0x00007fff29b85000 	C:\Windows\System32\shlwapi.dll
0x00007fff289e0000 - 0x00007fff28a06000 	C:\Windows\SYSTEM32\profapi.dll
0x00007fff208c0000 - 0x00007fff208d9000 	C:\Users\nqftd\.jdks\openjdk-15.0.2\bin\net.dll
0x00007fff220e0000 - 0x00007fff221e0000 	C:\Windows\SYSTEM32\WINHTTP.dll
0x00007fff28290000 - 0x00007fff282fa000 	C:\Windows\system32\mswsock.dll
0x00007fff15950000 - 0x00007fff15962000 	C:\Users\nqftd\.jdks\openjdk-15.0.2\bin\nio.dll
0x00007fff17a30000 - 0x00007fff17a4a000 	C:\Program Files\JetBrains\IntelliJ IDEA Community Edition 2020.3.2\bin\breakgen64.dll
0x00007ffeed330000 - 0x00007ffeed4af000 	C:\Users\nqftd\.jdks\openjdk-15.0.2\bin\awt.dll
0x00007fff29a30000 - 0x00007fff29afd000 	C:\Windows\System32\OLEAUT32.dll
0x00007fff26380000 - 0x00007fff26410000 	C:\Windows\SYSTEM32\apphelp.dll
0x00007fff26530000 - 0x00007fff265ce000 	C:\Windows\system32\uxtheme.dll
0x00007fff29700000 - 0x00007fff29816000 	C:\Windows\System32\MSCTF.dll
0x00007fff2af80000 - 0x00007fff2b0aa000 	C:\Windows\System32\ole32.dll
0x00007fff26720000 - 0x00007fff2674f000 	C:\Windows\system32\DWMAPI.DLL
0x00007fff062c0000 - 0x00007fff063e5000 	C:\Windows\system32\opengl32.dll
0x00007fff15640000 - 0x00007fff1566c000 	C:\Windows\SYSTEM32\GLU32.dll
0x00007ffeb6c60000 - 0x00007ffeb78b4000 	C:\Users\nqftd\.skiko\8c3334e41c9b2498065bff0c9ec17b188524de85f0ebdc43f9e629a7e71e33e8\skiko.dll
0x00007fff075d0000 - 0x00007fff0784f000 	C:\Windows\SYSTEM32\dwrite.dll
0x00007ffef8cb0000 - 0x00007ffef8d35000 	C:\Users\nqftd\.jdks\openjdk-15.0.2\bin\freetype.dll
0x00007ffef72a0000 - 0x00007ffef7349000 	C:\Users\nqftd\.jdks\openjdk-15.0.2\bin\fontmanager.dll

dbghelp: loaded successfully - version: 4.0.5 - missing functions: none
symbol engine: initialized successfully - sym options: 0x614 - pdb path: .;C:\Users\nqftd\.jdks\openjdk-15.0.2\bin;C:\Windows\SYSTEM32;C:\Windows\WinSxS\amd64_microsoft.windows.common-controls_6595b64144ccf1df_6.0.19041.746_none_ca02b4b61b8320a4;C:\Users\nqftd\.jdks\openjdk-15.0.2\bin\server;C:\Program Files\JetBrains\IntelliJ IDEA Community Edition 2020.3.2\bin;C:\Users\nqftd\.skiko\8c3334e41c9b2498065bff0c9ec17b188524de85f0ebdc43f9e629a7e71e33e8

VM Arguments:
jvm_args: -javaagent:C:\Users\nqftd\AppData\Local\JetBrains\IdeaIC2020.3\testAgent\intellij-coverage-agent-1.0.573.jar=C:\Users\nqftd\AppData\Local\Temp\coverageargs -javaagent:C:\Program Files\JetBrains\IntelliJ IDEA Community Edition 2020.3.2\lib\idea_rt.jar=54791:C:\Program Files\JetBrains\IntelliJ IDEA Community Edition 2020.3.2\bin -Dfile.encoding=UTF-8 
java_command: MainKt
java_class_path (initial): C:\Users\nqftd\IdeaProjects\skinini-generator\build\classes\kotlin\main;C:\Users\nqftd\.gradle\caches\modules-2\files-2.1\org.jetbrains.kotlin\kotlin-stdlib-jdk8\1.4.20\756521338269950c2a276f1abe6fef8e1a5e5528\kotlin-stdlib-jdk8-1.4.20.jar;C:\Users\nqftd\.gradle\caches\modules-2\files-2.1\org.jetbrains.kotlin\kotlin-stdlib-jdk7\1.4.20\9de2c79e95d4b4699a455e88ba285a95352e0bea\kotlin-stdlib-jdk7-1.4.20.jar;C:\Users\nqftd\.gradle\caches\modules-2\files-2.1\org.jetbrains.kotlin\kotlin-stdlib\1.4.20\9be77b243a362b745e365f286627b8724337009c\kotlin-stdlib-1.4.20.jar;C:\Users\nqftd\.gradle\caches\modules-2\files-2.1\org.jetbrains.kotlin\kotlin-stdlib-common\1.4.20\c6761d7805b5312302f2bbd78cda68c976ce0c70\kotlin-stdlib-common-1.4.20.jar;C:\Users\nqftd\.gradle\caches\modules-2\files-2.1\org.jetbrains\annotations\13.0\919f0dfe192fb4e063e7dacadee7f8bb9a2672a9\annotations-13.0.jar;C:\Users\nqftd\.gradle\caches\modules-2\files-2.1\org.jetbrains.compose.desktop\desktop-jvm\0.2.0-build132\6b6b6c50fb2fad90d77f4114d954875c07119757\desktop-jvm-0.2.0-build132.jar;C:\Users\nqftd\.gradle\caches\modules-2\files-2.1\org.jetbrains.compose.material\material-desktop\0.2.0-build132\a334727042d4186119556b242853d235d53b455\material-desktop-0.2.0-build132.jar;C:\Users\nqftd\.gradle\caches\modules-2\files-2.1\org.jetbrains.compose.foundation\foundation-desktop\0.2.0-build132\8d0b3e996be6d54d13a5468552fe3f7ffd8a43d6\foundation-desktop-0.2.0-build132.jar;C:\Users\nqftd\.gradle\caches\modules-2\files-2.1\org.jetbrains.compose.ui\ui-desktop\0.2.0-build132\4a1c398a7ad2efe1f3d2f36a56ca80b82081227b\ui-desktop-0.2.0-build132.jar;C:\Users\nqftd\.gradle\caches\modules-2\files-2.1\org.jetbrains.compose.runtime\runtime-desktop\0.2.0-build132\21bb77e46a7de3e47fdaf7ff2cd77b4bf8c9032e\runtime-desktop-0.2.0-build132.jar;C:\Users\nqftd\.gradle\caches\modules-2\files-2.1\org.jetbrains.kotlinx\kotlinx-coroutines-swing\1.4.1\60c1303504d7e745820865d4f29be7ea23303318\kotlinx-coroutines-swin
Launcher Type: SUN_STANDARD

[Global flags]
     intx CICompilerCount                          = 4                                         {product} {ergonomic}
     uint ConcGCThreads                            = 3                                         {product} {ergonomic}
     uint G1ConcRefinementThreads                  = 10                                        {product} {ergonomic}
   size_t G1HeapRegionSize                         = 1048576                                   {product} {ergonomic}
    uintx GCDrainStackTargetSize                   = 64                                        {product} {ergonomic}
   size_t InitialHeapSize                          = 132120576                                 {product} {ergonomic}
   size_t MarkStackSize                            = 4194304                                   {product} {ergonomic}
   size_t MaxHeapSize                              = 2107637760                                {product} {ergonomic}
   size_t MaxNewSize                               = 1264582656                                {product} {ergonomic}
   size_t MinHeapDeltaBytes                        = 1048576                                   {product} {ergonomic}
   size_t MinHeapSize                              = 8388608                                   {product} {ergonomic}
    uintx NonNMethodCodeHeapSize                   = 5839372                                {pd product} {ergonomic}
    uintx NonProfiledCodeHeapSize                  = 122909434                              {pd product} {ergonomic}
    uintx ProfiledCodeHeapSize                     = 122909434                              {pd product} {ergonomic}
    uintx ReservedCodeCacheSize                    = 251658240                              {pd product} {ergonomic}
     bool SegmentedCodeCache                       = true                                      {product} {ergonomic}
   size_t SoftMaxHeapSize                          = 2107637760                             {manageable} {ergonomic}
     bool UseCompressedClassPointers               = true                                 {lp64_product} {ergonomic}
     bool UseCompressedOops                        = true                                 {lp64_product} {ergonomic}
     bool UseG1GC                                  = true                                      {product} {ergonomic}
     bool UseLargePagesIndividualAllocation        = false                                  {pd product} {ergonomic}

Logging:
Log output configuration:
 #0: stdout all=warning uptime,level,tags
 #1: stderr all=off uptime,level,tags

Environment Variables:
PATH=C:\Windows\system32;C:\Windows;C:\Windows\System32\Wbem;C:\Windows\System32\WindowsPowerShell\v1.0\;C:\Windows\System32\OpenSSH\;C:\Program Files\nodejs\;C:\Program Files\Wiimm\SZS;C:\Program Files\dotnet\;C:\Program Files\Microsoft SQL Server\130\Tools\Binn\;C:\Program Files\Microsoft SQL Server\Client SDK\ODBC\170\Tools\Binn\;C:\Program Files\Git\cmd;C:\Go\bin;C:\Program Files (x86)\Wiimm\WIT;C:\Users\nqftd\flutter\bin;C:\Users\nqftd\AppData\Local\Programs\Python\Python39\Scripts\;C:\Users\nqftd\AppData\Local\Programs\Python\Python39\;C:\Users\nqftd\AppData\Local\Microsoft\WindowsApps;C:\Users\nqftd\AppData\Local\Programs\Microsoft VS Code\bin;C:\Users\nqftd\AppData\Roaming\npm;C:\Program Files\Wiimm\SZS;C:\Users\nqftd\.dotnet\tools;C:\Users\nqftd\go\bin;C:\Users\nqftd\AppData\Local\atom\bin;C:\Program Files (x86)\Wiimm\WIT
USERNAME=nqftd
OS=Windows_NT
PROCESSOR_IDENTIFIER=Intel64 Family 6 Model 158 Stepping 10, GenuineIntel



---------------  S Y S T E M  ---------------

OS:
 Windows 10 , 64 bit Build 19041 (10.0.19041.662)
OS uptime: 27 days 0:10 hours

CPU: total 12 (initial active 12) (6 cores per cpu, 2 threads per core) family 6 model 158 stepping 10 microcode 0xb4, cmov, cx8, fxsr, mmx, sse, sse2, sse3, ssse3, sse4.1, sse4.2, popcnt, vzeroupper, avx, avx2, aes, clmul, erms, 3dnowpref, lzcnt, ht, tsc, tscinvbit, bmi1, bmi2, adx, fma, clflush, clflushopt

Memory: 4k page, system-wide physical 8038M (318M free)
TotalPageFile size 12019M (AvailPageFile size 1559M)
current process WorkingSet (physical memory assigned to process): 207M, peak: 209M
current process commit charge ("private bytes"): 284M, peak: 286M

vm_info: OpenJDK 64-Bit Server VM (15.0.2+7-27) for windows-amd64 JRE (15.0.2+7-27), built on Dec  7 2020 20:02:38 by "mach5one" with unknown MS VC++:1925

END.
